result2.csv
#@##########
2.7001387280041462
#@##########
9.0577487696914
#@##########
11.568589899991716
#@##########
13.176442763845174
#@##########
15.653639152933605
#@##########
16.513318805310767
sample finished
data length is: 419
419
batch i: 1, episode_len: 419
kl:25.04853,lr_multiplier:0.667,loss:69.67231750488281,entropy:0,
loss is 69.67231750488281  entropy is 0
#@##########
2.6073202886035087
#@##########
3.1589558374911575
#@##########
5.5571056359860105
#@##########
7.062467736539093
#@##########
9.784970229295824
#@##########
10.882959809607453
sample finished
data length is: 389
389
batch i: 2, episode_len: 389
kl:0.00079,lr_multiplier:1.000,loss:57.50072479248047,entropy:0,
loss is 57.50072479248047  entropy is 0
#@##########
2.5696360950700052
#@##########
8.156934307905228
#@##########
9.486530275674376
#@##########
14.448319642775344
#@##########
13.351688850350993
#@##########
16.091798828333083
sample finished
data length is: 467
467
batch i: 3, episode_len: 467
kl:0.00000,lr_multiplier:1.500,loss:49.19671630859375,entropy:0,
loss is 49.19671630859375  entropy is 0
current self-play batch: 3
#@##########
1.3909706938044182
#@##########
1.5449476954379522
#@##########
2.43984870510572
#@##########
4.356687620897454
#@##########
5.672497497591639
#@##########
5.782813789356702
['Cc1cc(CO)cc(C[C@@H]2CCN(c3ncnc4[nH]ccc34)C2)c1', 'Cc1cc2cc(c1)C([C@@H]1CCN(c3ncnc4[nH]ccc34)C1)OC2', 'N#Cc1cc2cc(c1)C([C@@H]1CCN(c3ncnc4[nH]ccc34)C1)OC2', 'C=C1[C@H](C2OCc3cc(C#N)cc2c3)CCN1c1ncnc2[nH]ccc12', 'C=C1[C@H](C2OCc3cc(C#N)cc2c3)CCN1c1ncnc2[nH]c(C)cc12', 'C=C1[C@H](C2OCc3cc(C#N)cc2c3)CC(=O)N1c1ncnc2[nH]c(C)cc12']
[0.7750739491101498, 0.7864432411162355, 0.7810057578908063, 0.7710409604186187, 0.7556481606801939, 0.745866419461352]
#@##########
1.9686992306978337
#@##########
4.953935428256852
#@##########
5.712598328729611
#@##########
5.902799027781306
#@##########
8.718527737310692
#@##########
12.818183444173021
sample finished
data length is: 380
380
batch i: 4, episode_len: 380
kl:0.00000,lr_multiplier:2.250,loss:49.72846221923828,entropy:0,
loss is 49.72846221923828  entropy is 0
#@##########
2.443448228400118
#@##########
5.468116310170973
#@##########
10.25860330173999
#@##########
11.52346825815837
#@##########
14.036466766921698
#@##########
14.450728104672327
sample finished
data length is: 437
437
batch i: 5, episode_len: 437
kl:0.00000,lr_multiplier:3.375,loss:43.82704544067383,entropy:0,
loss is 43.82704544067383  entropy is 0
#@##########
2.969811174886835
#@##########
7.422591628524068
#@##########
11.482275703730371
#@##########
13.671436213552607
#@##########
11.034524748071195
#@##########
15.178166783208566
sample finished
data length is: 455
455
batch i: 6, episode_len: 455
kl:0.00000,lr_multiplier:5.062,loss:56.57661437988281,entropy:0,
loss is 56.57661437988281  entropy is 0
current self-play batch: 6
#@##########
0.9294771596107891
#@##########
2.0526613231071464
#@##########
3.4838513617236493
#@##########
4.1961794624709725
#@##########
5.5685315307676175
#@##########
4.580139748367102
['c1nc(N2CC[C@@H](Cc3cc4ccc3OC4)C2)c2cc[nH]c2n1', 'O=C1CN(c2ncnc3[nH]ccc23)C[C@@H]1Cc1cc2ccc1OC2', 'c1nc(N2CC[C@@H](Cc3cc4ccc3OC4)C2)c2cc[nH]c2n1', 'CC1CN(c2ncnc3[nH]ccc23)C[C@@H]1Cc1cc2ccc1OC2', 'CC1CN(c2ncnc3[nH]ccc23)C[C@@H]1Cc1cc2ccc1OC2', 'CC1C(C)N(c2ncnc3[nH]ccc23)C[C@@H]1Cc1cc2ccc1OC2']
[0.8081580931584776, 0.8000269791067819, 0.8081580931584776, 0.8052167955481483, 0.8052167955481483, 0.7956770779422033]
#@##########
1.9459840653811886
#@##########
4.9290216559967615
#@##########
6.016235244277245
#@##########
12.091847475404021
#@##########
12.831383971267764
#@##########
15.369909814213303
sample finished
data length is: 438
438
batch i: 7, episode_len: 438
kl:0.00000,lr_multiplier:7.594,loss:55.85581970214844,entropy:0,
loss is 55.85581970214844  entropy is 0
#@##########
2.6667183301515416
#@##########
4.571259352346677
#@##########
6.277778599483391
#@##########
8.278623053467216
#@##########
13.640989248996567
#@##########
12.474269788353006
sample finished
data length is: 417
417
batch i: 8, episode_len: 417
kl:0.00000,lr_multiplier:11.391,loss:44.12989807128906,entropy:0,
loss is 44.12989807128906  entropy is 0
#@##########
2.1519267040643855
#@##########
3.038684052825574
#@##########
9.823001259867015
#@##########
12.133024335871854
#@##########
12.980318157412663
#@##########
15.995559270475578
sample finished
data length is: 498
498
batch i: 9, episode_len: 498
kl:0.00000,lr_multiplier:11.391,loss:48.97001647949219,entropy:0,
loss is 48.97001647949219  entropy is 0
current self-play batch: 9
#@##########
1.3769513149595605
#@##########
1.886330252470807
#@##########
2.286575615334503
#@##########
3.536556544545782
#@##########
7.354511157513468
#@##########
8.536853541259319
['OCc1cccc(C[C@@H]2C=CN(c3ncnc4[nH]ccc34)C2)c1', 'OCc1cccc(C[C@@H]2C=CN(c3ncnc4[nH]ccc34)C2)c1', 'Cc1ccc(CO)cc1C[C@@H]1C=CN(c2ncnc3[nH]ccc23)C1', 'CC1=CC2=C(CO)C=C1C2[C@@H]1C=CN(c2ncnc3[nH]ccc23)C1', 'CC1=CC2=C(CO)CC1C2[C@@H]1C=CN(c2ncnc3[nH]ccc23)C1', 'CC1=CC2=C(CO)CC1C2[C@@H]1C=CN(c2ncnc3[nH]cc(C)c23)C1']
[0.7775325042579743, 0.7775325042579743, 0.7755535453706126, 0.9131064021461665, 0.9125578800090187, 0.9051448097043677]
#@##########
1.9798644221192638
#@##########
4.765537272740314
#@##########
4.742637430679657
#@##########
7.156007154396478
#@##########
9.768876413034548
#@##########
14.139461701814334
sample finished
data length is: 408
408
batch i: 10, episode_len: 408
kl:0.00000,lr_multiplier:11.391,loss:49.208038330078125,entropy:0,
loss is 49.208038330078125  entropy is 0
#@##########
2.7266225102915804
#@##########
5.159544384873589
#@##########
6.420068843495645
#@##########
4.035977700614426
#@##########
9.9889085310931
#@##########
12.639446906926894
sample finished
data length is: 379
379
batch i: 11, episode_len: 379
kl:0.00000,lr_multiplier:11.391,loss:42.492103576660156,entropy:0,
loss is 42.492103576660156  entropy is 0
#@##########
1.8868608859412341
#@##########
7.4284671533261735
#@##########
10.241403038063034
#@##########
12.026865943603815
#@##########
12.07455756184229
#@##########
13.654402295390797
sample finished
data length is: 389
389
batch i: 12, episode_len: 389
kl:0.00000,lr_multiplier:11.391,loss:50.67721939086914,entropy:0,
loss is 50.67721939086914  entropy is 0
current self-play batch: 12
#@##########
1.2659325243757402
#@##########
2.847818692341985
#@##########
6.151131947811691
#@##########
6.321694772338054
#@##########
8.112582489377486
#@##########
7.9750387187350835
['COCc1cccc(C[C@@H]2CCN(c3ncnc4[nH]ccc34)C2)c1', 'COC1C2=CC=C1C(C[C@@H]1CCN(c3ncnc4[nH]ccc34)C1)=C2', 'C1=C(C[C@@H]2CCN(c3ncnc4[nH]ccc34)C2)C2=C3C=C1C2OC3', 'CC1CN(c2ncnc3[nH]ccc23)C[C@@H]1CC1=CC2=CC3=C1C2OC3', 'COC1C2=CC=C1C(C[C@H]1CN(c3ncnc4[nH]ccc34)CC1C)=C2', 'CC1CN(c2ncnc3[nH]ccc23)C[C@@H]1CC1=CC2=CC3=C1C2OC3']
[0.7837352116817664, 0.9407572789599135, 0.9453039892367248, 0.9386991897917225, 0.932486765640058, 0.9386991897917225]
#@##########
2.69362675047032
#@##########
7.367994849913156
#@##########
9.207751343720474
#@##########
12.163888700553724
#@##########
13.55674851523192
#@##########
16.0817394901882
sample finished
data length is: 473
473
batch i: 13, episode_len: 473
kl:0.00000,lr_multiplier:11.391,loss:56.47267532348633,entropy:0,
loss is 56.47267532348633  entropy is 0
#@##########
1.576327295459794
#@##########
3.368493531797954
#@##########
5.469394482413309
#@##########
12.47759548588096
#@##########
14.159631516531661
#@##########
15.728232703327947
sample finished
data length is: 451
451
batch i: 14, episode_len: 451
kl:0.00000,lr_multiplier:11.391,loss:57.671775817871094,entropy:0,
loss is 57.671775817871094  entropy is 0
#@##########
2.895853474642285
#@##########
5.138507384655079
#@##########
6.078137639392699
#@##########
8.341018960531091
#@##########
10.337526170907907
#@##########
10.704589902436085
sample finished
data length is: 357
357
batch i: 15, episode_len: 357
kl:0.00000,lr_multiplier:11.391,loss:46.9906120300293,entropy:0,
loss is 46.9906120300293  entropy is 0
current self-play batch: 15
#@##########
1.1176299755114056
#@##########
2.726539045503867
#@##########
2.7217798928704298
#@##########result1.csv
#@##########
0.8135811172693609
#@##########
3.0514828878899665
#@##########
4.75984880658764
#@##########
6.539644061026215
#@##########
11.5079447059379
#@##########
11.658372892925456
sample finished
data length is: 431
431
batch i: 1, episode_len: 431
kl:22.58602,lr_multiplier:0.667,loss:37.8189811706543,entropy:0,
loss is 37.8189811706543  entropy is 0
#@##########
0.4191919049898476
#@##########
3.266220845650576
#@##########
5.2084729353706445
#@##########
5.919829670926833
#@##########
5.490227143323263
#@##########
12.32736767169098
sample finished
data length is: 448
448
batch i: 2, episode_len: 448
kl:0.00034,lr_multiplier:1.000,loss:38.04719543457031,entropy:0,
loss is 38.04719543457031  entropy is 0
#@##########
0.848306949264407
#@##########
2.656815265665725
#@##########
4.175789832003949
#@##########
6.564518956845387
#@##########
9.633201675121567
#@##########
11.000181683661896
sample finished
data length is: 482
482
batch i: 3, episode_len: 482
kl:0.00000,lr_multiplier:1.500,loss:31.236114501953125,entropy:0,
loss is 31.236114501953125  entropy is 0
current self-play batch: 3
#@##########
0.1385280058805296
#@##########
0.908945815423511
#@##########
3.015727112775639
#@##########
3.939652982805186
#@##########
5.381506711900557
#@##########
7.354728141549789
['O=C(CCC1CCN(c2ncnc3[nH]ccc23)CC1)NCc1ccccc1', 'O=C(CCC1CCN(c2ncnc3[nH]ccc23)CC1)N1Cc2ccc1cc2', 'O=C1C(CC2CCN(c3ncnc4[nH]ccc34)CC2)c2cc3ccc2N1C3', 'O=C1C2C(C3CCN(c4ncnc5[nH]ccc45)CC3)=C3c4ccc(c2c4)N13', 'CC1CN(c2ncnc3[nH]ccc23)CCC1C1=C2c3ccc4c(c3)C1C(=O)N24', 'CC1CN(c2ncnc3[nH]ccc23)CCC1CC1C(=O)N2Cc3ccc2c1c3']
[0.7048577617813226, 0.7723615436800316, 0.7798534725883571, 0.7673421262011209, 0.752833230038361, 0.763642141448821]
#@##########
0.42036756615472615
#@##########
0.6041894642110696
#@##########
4.283757240251616
#@##########
6.452080178049995
#@##########
8.775165734066826
#@##########
11.51998653281001
sample finished
data length is: 490
490
batch i: 4, episode_len: 490
kl:0.00000,lr_multiplier:2.250,loss:26.02617645263672,entropy:0,
loss is 26.02617645263672  entropy is 0
#@##########
0.5314769393508262
#@##########
0.43392484744156457
#@##########
3.3662710171989585
#@##########
6.814326789278832
#@##########
7.844578423571051
#@##########
9.996356057991816
sample finished
data length is: 513
513
batch i: 5, episode_len: 513
kl:0.00000,lr_multiplier:3.375,loss:27.08641815185547,entropy:0,
loss is 27.08641815185547  entropy is 0
#@##########
0.9132266208856522
#@##########
3.1363157144259692
#@##########
4.3467699382381735
#@##########
6.097557014786554
#@##########
10.2800491759134
#@##########
11.76280153251846
sample finished
data length is: 417
417
batch i: 6, episode_len: 417
kl:0.00000,lr_multiplier:5.062,loss:31.84803581237793,entropy:0,
loss is 31.84803581237793  entropy is 0
current self-play batch: 6
#@##########
0.15753042283147445
#@##########
1.502232647753873
#@##########
0.8468269906026711
#@##########
2.4956535814600653
#@##########
3.1060307065139385
#@##########
2.932039760671775
['O=C1CC(C2CCN(c3ncnc4[nH]ccc34)CC2)=C(c2ccc(F)cc2)N1', 'O=C1CC(C2C=CN(c3ncnc4[nH]ccc34)CC2)=C(c2ccc(F)cc2)N1', 'CC1=CN(c2ncnc3[nH]ccc23)CCC1C1=C(c2ccc(F)cc2)NC(=O)C1', 'CC1=CN(c2ncnc3[nH]ccc23)CCC1C1=C(c2ccccc2)NC(=O)C1', 'O=C1CC(C2CC3CC2=CN3c2ncnc3[nH]ccc23)=C(c2ccccc2)N1', 'CN1C(=O)CC(C2CC3CC2=CN3c2ncnc3[nH]ccc23)=C1c1ccccc1']
[0.7348985770082642, 0.7361588127709913, 0.7154025678104547, 0.7374619007237759, 0.7423376215890739, 0.748765834637312]
#@##########
0.3130771382814499
#@##########
2.2470394853976154
#@##########
2.555455671108715
#@##########
5.178264600446649
#@##########
8.861872171233848
#@##########
12.093648097259537
sample finished
data length is: 399
399
batch i: 7, episode_len: 399
kl:0.00000,lr_multiplier:7.594,loss:32.28691864013672,entropy:0,
loss is 32.28691864013672  entropy is 0
#@##########
0.4891948090520324
#@##########
1.9925542427232315
#@##########
3.1373359758659705
#@##########
1.069389816181813
#@##########
3.657278066900636
#@##########
6.303551532684622
sample finished
data length is: 433
433
batch i: 8, episode_len: 433
kl:0.00000,lr_multiplier:11.391,loss:28.144418716430664,entropy:0,
loss is 28.144418716430664  entropy is 0
#@##########
0.7065702798945904
#@##########
3.010444345692788
#@##########
3.069138221557873
#@##########
6.197783047262184
#@##########
6.292183356652541
#@##########
7.023694752883446
sample finished
data length is: 465
465
batch i: 9, episode_len: 465
kl:0.00000,lr_multiplier:11.391,loss:18.204788208007812,entropy:0,
loss is 18.204788208007812  entropy is 0
current self-play batch: 9
#@##########
0
#@##########
0.34082665996624545
#@##########
0.7797118678215074
#@##########
2.8674595864600745
#@##########
3.3585585052267275
#@##########
3.4721737736339033
['C=C(CC1CCN(c2ncnc3[nH]ccc23)CC1)C(=O)NCc1ccc(F)cc1', 'O=C(NCc1ccc(F)cc1)C1=CC2CC(CCN2c2ncnc3[nH]ccc23)C1', 'O=C1C2=CC3C(C(CCN3c3ncnc4[nH]ccc34)C2)N1Cc1ccc(F)cc1', 'Cc1nc(N2CCC3CC4=CC2C3N(Cc2ccc(F)cc2)C4=O)c2cc[nH]c2n1', 'Cc1nc(N2C3=C(c4ccc(F)cc4)N4C(=O)C5=CC2C4C(C5)C3)c2cc[nH]c2n1', 'Cc1nc(N2C3C=C4CC5CC2C(c2ccc(F)cc2)N(C4=O)C53)c2cc[nH]c2n1']
[0.6280821158611418, 0.7155314938420414, 0.7479128021040939, 0.7285617574853334, 0.7161703985948419, 0.7159434751878652]
#@##########
0.8578239754890122
#@##########
0.7666107151903727
#@##########
4.389396181466527
#@##########
6.600955130054617
#@##########
7.2568116894221095
#@##########
3.493553958817553
sample finished
data length is: 559
559
batch i: 10, episode_len: 559
kl:0.00000,lr_multiplier:11.391,loss:18.917577743530273,entropy:0,
loss is 18.917577743530273  entropy is 0
#@##########
0.5829508503456885
#@##########
0.5367710319000716
#@##########
3.8825833957405522
#@##########
4.276793711528972
#@##########
7.104472020797962
#@##########
10.729494597395783
sample finished
data length is: 440
440
batch i: 11, episode_len: 440
kl:0.00000,lr_multiplier:11.391,loss:25.3289852142334,entropy:0,
loss is 25.3289852142334  entropy is 0
#@##########
0.317282282636904
#@##########
0.7414006779120049
#@##########
3.7781816462938735
#@##########
5.166431198127012
#@##########
8.275492333754238
#@##########
8.405775590295299
sample finished
data length is: 458
458
batch i: 12, episode_len: 458
kl:0.00000,lr_multiplier:11.391,loss:23.808135986328125,entropy:0,
loss is 23.808135986328125  entropy is 0
current self-play batch: 12
#@##########
0.10523759963464623
#@##########
0.6877246056774886
#@##########
1.1384786481820797
#@##########
1.9396916348900257
#@##########
3.0570568594242813
#@##########
6.428329679121088
['O=C(CCC1C=CN(c2ncnc3[nH]ccc23)CC1)NCc1ccc(F)cc1', 'O=C1CC(C2C=CN(c3ncnc4[nH]ccc34)CC2)=C(c2ccc(F)cc2)N1', 'Fc1ccc(C2=C(C3C=CN(c4ncnc5[nH]ccc45)CC3)CCN2)cc1', 'CN1CCC(C2C=CN(c3ncnc4[nH]ccc34)CC2)=C1c1ccc(F)cc1', 'Fc1ccc(C2=C3CCN2CC2=CN(c4ncnc5[nH]ccc45)CCC23)cc1', 'O=C1CC2=C(c3ccc(F)cc3)N1CC1=CN(c3ncnc4[nH]ccc34)CCC12']
[0.6871135119671533, 0.7361588127709913, 0.7441693174426421, 0.7459441589906879, 0.7392588513566203, 0.7314075498058019]
#@##########
0.5388107583500037
#@##########
1.6444056356471322
#@##########
3.3659199208606103
#@##########
6.508427338088549
#@##########
5.148187086397401
#@##########
5.771134386773818
sample finished
data length is: 428
428
batch i: 13, episode_len: 428
kl:0.00000,lr_multiplier:11.391,loss:24.479663848876953,entropy:0,
loss is 24.479663848876953  entropy is 0
#@##########
0.4097590748719811
#@##########
1.0747991746957288
#@##########
1.776602260495247
#@##########
3.8183647352944914
#@##########
1.4120206215737061
#@##########
2.8574344450658202
sample finished
data length is: 455
455
batch i: 14, episode_len: 455
kl:0.00000,lr_multiplier:11.391,loss:15.548027992248535,entropy:0,
loss is 15.548027992248535  entropy is 0
#@##########
0.4896655164275987
#@##########
2.593204650891445
#@##########
4.381262706461483
#@##########
7.3133521991138455
#@##########
9.383064103533082
#@##########
7.142818691933953
sample finished
data length is: 467
467
batch i: 15, episode_len: 467
kl:0.00000,lr_multiplier:11.391,loss:21.50360107421875,entropy:0,
loss is 21.50360107421875  entropy is 0
current self-play batch: 15
#@##########
0.21269891271635055
#@##########
4.3218556734341815
#@##########
7.776709957492305
#@##########
8.799602612286028
['Cc1cccc(C[C@@H]2CCN(c3ncnc4[nH]ccc34)C2)c1', 'Cc1ccc(C[C@@H]2CCN(c3ncnc4[nH]ccc34)C2)cc1C', 'Cc1ccc(C[C@@H]2CCN(c3ncnc4[nH]cc(C)c34)C2)cc1C', 'CC1=CC2=C(C[C@@H]3CCN(c4ncnc5[nH]cc(C)c45)C3)C=C1C2', 'C=C1C2=CC(C[C@@H]3CCN(c4ncnc5[nH]cc(C)c45)C3)=C1C=C2C', 'Cc1c[nH]c2ncnc(N3CC[C@@H](CC4=C5C=C6CC=C5C6=C4)C3)c12']
[0.8050251247754573, 0.8031965201982317, 0.7944635652198244, 0.9276043108359651, 0.9155222171682786, 0.9264130929521794]
#@##########
2.5339953155382013
#@##########
5.074041850799973
#@##########
5.076642096682462
#@##########
8.10228675065178
#@##########
10.780982421702475
#@##########
13.196740706985459
sample finished
data length is: 426
426
batch i: 16, episode_len: 426
kl:0.00000,lr_multiplier:11.391,loss:43.537803649902344,entropy:0,
loss is 43.537803649902344  entropy is 0
#@##########
1.883301436941761
#@##########
3.3242843940940983
#@##########
8.353812263712252
#@##########
8.958825953611665
#@##########
12.72742117839405
#@##########
12.455798160503488
sample finished
data length is: 485
485
batch i: 17, episode_len: 485
kl:0.00000,lr_multiplier:11.391,loss:47.30205535888672,entropy:0,
loss is 47.30205535888672  entropy is 0
#@##########
2.39557802655175
#@##########
7.446109161880029
#@##########
12.29559136436323
#@##########
10.567872812393508
#@##########
14.21064241136326
#@##########
15.316353027320888
sample finished
data length is: 406
406
batch i: 18, episode_len: 406
kl:0.00000,lr_multiplier:11.391,loss:54.76880645751953,entropy:0,
loss is 54.76880645751953  entropy is 0
current self-play batch: 18
#@##########
1.0503809862431563
#@##########
1.5028684741844844
#@##########
1.5794838967609746
#@##########
3.359929313073885
#@##########
4.439856797220381
#@##########
7.497280326782414
['OCc1cccc(C[C@@H]2CCN(c3ncnc4[nH]ccc34)C2)c1', 'Cc1c(CO)cccc1C[C@@H]1CCN(c2ncnc3[nH]ccc23)C1', 'Cc1ccc(CO)c(C)c1C[C@@H]1CCN(c2ncnc3[nH]ccc23)C1', 'Cc1c(CO)cccc1C[C@@H]1CCN(c2ncnc3[nH]ccc23)C1', 'OCC1=C2CC(=C1)C=C2C[C@@H]1CCN(c2ncnc3[nH]ccc23)C1', 'C=C1C=C(C[C@@H]2CCN(c3ncnc4[nH]ccc34)C2)C(=CCO)C1']
[0.7771215483454054, 0.7750739491101498, 0.7681180254458884, 0.7750739491101498, 0.9089734801843918, 0.9080968954619127]
#@##########
3.277512819638415
#@##########
7.927854660004991
#@##########
9.001129193271597
#@##########
13.942821866837244
#@##########
14.694918052509443
#@##########
17.074727699505797
sample finished
data length is: 481
481
batch i: 19, episode_len: 481
kl:0.00000,lr_multiplier:11.391,loss:65.00439453125,entropy:0,
loss is 65.00439453125  entropy is 0
#@##########
1.842344224808369
#@##########
5.520931406858191
#@##########
10.71350903929065
#@##########
12.567133701843936
#@##########
14.140176447269214
#@##########
11.784253816677236
sample finished
data length is: 428
428
batch i: 20, episode_len: 428
kl:0.00000,lr_multiplier:11.391,loss:53.69914245605469,entropy:0,
loss is 53.69914245605469  entropy is 0

0.22361827559628905
#@##########
2.0690782158096868
#@##########
2.0833846600193633
#@##########
2.957267070792443
#@##########
3.4545474881595997
['CN(Cc1ccc(F)cc1)C(=O)CCC1CCN(c2ncnc3[nH]ccc23)CC1', 'CN1C(=O)CC(C2CCN(c3ncnc4[nH]ccc34)CC2)=C1c1ccc(F)cc1', 'O=C1CC2=C(c3ccc(F)cc3)N1CC21CCN(c2ncnc3[nH]ccc23)CC1', 'Cc1cc(C2=C3CC(=O)N2CC32CCN(c3ncnc4[nH]ccc34)CC2)ccc1F', 'Cc1cc(CN2CC3(CCC2=O)CCN(c2ncnc4[nH]ccc24)CC3)ccc1F', 'Cc1cc(CN2CC3(CCC2=O)CCN(c2ncnc4[nH]ccc24)C(=O)C3)ccc1F']
[0.690354583503294, 0.7411420575094947, 0.7301563312140199, 0.7094631988962304, 0.7170171525119462, 0.7032641931555315]
#@##########
0.670837040288403
#@##########
1.700684499561117
#@##########
1.8661284950310497
#@##########
5.149861280188597
#@##########
2.5291378192349283
#@##########
7.774197957854794
sample finished
data length is: 464
464
batch i: 16, episode_len: 464
kl:0.00000,lr_multiplier:11.391,loss:20.969690322875977,entropy:0,
loss is 20.969690322875977  entropy is 0
#@##########
0.6718176649330543
#@##########
3.354485737927359
#@##########
5.36883129561025
#@##########
7.307053489238805
#@##########
9.03813356772982
#@##########
13.760814988323775
sample finished
data length is: 459
459
batch i: 17, episode_len: 459
kl:0.00000,lr_multiplier:11.391,loss:31.838823318481445,entropy:0,
loss is 31.838823318481445  entropy is 0
#@##########
0.6692689873410365
#@##########
1.0812318159934966
#@##########
1.7294239407455085
#@##########
3.4483158102060214
#@##########
8.55553788050943
#@##########
10.04678796505739
sample finished
data length is: 387
387
batch i: 18, episode_len: 387
kl:0.00000,lr_multiplier:11.391,loss:33.743263244628906,entropy:0,
loss is 33.743263244628906  entropy is 0
current self-play batch: 18
#@##########
0.15554671544997545
#@##########
0.9023010514510315
#@##########
1.047208573464698
#@##########
1.491319815821695
#@##########
2.0867678257711724
#@##########
4.378306909767941
['O=C1NCc2ccc(F)cc2C1CC1CCN(c2ncnc3[nH]ccc23)CC1', 'O=C1NCc2cc3c(F)cc2C1C3C1CCN(c2ncnc3[nH]ccc23)CC1', 'O=C1Cc2cc(F)c(CC3CCN(c4ncnc5[nH]ccc45)CC3)cc2CN1', 'Fc1cc2c(cc1CC1CCN(c3ncnc4[nH]ccc34)CC1)CNCC2', 'Fc1cc2c(cc1CC1CCN(c3ncnc4[nH]ccc34)CC1)CNC=C2', 'CN1C=Cc2cc(F)c(CC3CCN(c4ncnc5[nH]ccc45)CC3)cc2C1']
[0.7333480488217908, 0.7202856459462635, 0.7339082412200757, 0.7483976028515718, 0.7461025764693309, 0.750264799864142]
#@##########
0.514606503040717
#@##########
3.578371697225263
#@##########
1.3666048942277775
#@##########
7.968989552657275
#@##########
8.077275750587864
#@##########
13.631272669142687
sample finished
data length is: 502
502
batch i: 19, episode_len: 502
kl:0.00000,lr_multiplier:11.391,loss:28.747142791748047,entropy:0,
loss is 28.747142791748047  entropy is 0
#@##########
0.8214786798943798
#@##########
3.5981896905251114
#@##########
5.19150490861592
#@##########
5.959217823892077
#@##########
8.62212589485026
#@##########
6.517763906317798
sample finished
data length is: 500
500
batch i: 20, episode_len: 500
kl:0.00000,lr_multiplier:11.391,loss:29.51466941833496,entropy:0,
loss is 29.51466941833496  entropy is 0
